<?xml version="1.0" encoding="UTF-8" ?>
<testsuite tests="10" failures="0" name="com.qa.ims.persistence.dao.OrderEditDAOTest" time="0.495" errors="0" skipped="0">
  <properties>
[...]
</properties>
  <testcase classname="com.qa.ims.persistence.dao.OrderEditDAOTest" name="testrecordDelete" time="0.065"/>
  <testcase classname="com.qa.ims.persistence.dao.OrderEditDAOTest" name="testRecordCreate" time="0.059"/>
  <testcase classname="com.qa.ims.persistence.dao.OrderEditDAOTest" name="testRecordRemove" time="0.051"/>
  <testcase classname="com.qa.ims.persistence.dao.OrderEditDAOTest" name="testReadAllBadSQL" time="0.035"/>
  <testcase classname="com.qa.ims.persistence.dao.OrderEditDAOTest" name="testrecordAddBadSQL" time="0.034"/>
  <testcase classname="com.qa.ims.persistence.dao.OrderEditDAOTest" name="testReadAll" time="0.063"/>
  <testcase classname="com.qa.ims.persistence.dao.OrderEditDAOTest" name="testRecordCreateBadSQL" time="0.063"/>
  <testcase classname="com.qa.ims.persistence.dao.OrderEditDAOTest" name="testrecordRemoveBadSQL" time="0.038"/>
  <testcase classname="com.qa.ims.persistence.dao.OrderEditDAOTest" name="testrecordDeleteBadSQL" time="0.04"/>
  <testcase classname="com.qa.ims.persistence.dao.OrderEditDAOTest" name="testRecordAdd" time="0.047"/>
</testsuite>